<?xml version="1.0" encoding="UTF-8"?>
<!-- Generated by org.testng.reporters.JUnitReportReporter -->
<testsuite skipped="0" hostname="DESKTOP-3SL4LUB" name="parallelTest.TestInvocation" tests="5" failures="0" timestamp="22 Feb 2019 11:40:34 GMT" time="221.974" errors="0">
  <testcase name="executeTest" time="44.395" classname="parallelTest.TestInvocation"/>
  <testcase name="executeTest" time="44.395" classname="parallelTest.TestInvocation"/>
  <testcase name="executeTest" time="44.395" classname="parallelTest.TestInvocation"/>
  <testcase name="executeTest" time="44.394" classname="parallelTest.TestInvocation"/>
  <testcase name="executeTest" time="44.395" classname="parallelTest.TestInvocation"/>
</testsuite> <!-- parallelTest.TestInvocation -->
