<?xml version="1.0" encoding="UTF-8"?>
<!-- Generated by org.testng.reporters.JUnitReportReporter -->
<testsuite skipped="0" hostname="DESKTOP-3SL4LUB" name="parallelTest.TestParallelDP" tests="2" failures="0" timestamp="22 Feb 2019 11:24:33 GMT" time="4.126" errors="0">
  <testcase name="doLogin" time="2.063" classname="parallelTest.TestParallelDP"/>
  <testcase name="doLogin" time="2.063" classname="parallelTest.TestParallelDP"/>
</testsuite> <!-- parallelTest.TestParallelDP -->
