<?xml version="1.0" encoding="UTF-8"?>
<!-- Generated by org.testng.reporters.JUnitReportReporter -->
<testsuite skipped="0" hostname="DESKTOP-3SL4LUB" name="parallelTest.TestBrowser" tests="2" failures="0" timestamp="22 Feb 2019 11:18:15 GMT" time="4.059" errors="0">
  <testcase name="doLogin" time="2.029" classname="parallelTest.TestBrowser"/>
  <testcase name="doLogin" time="2.030" classname="parallelTest.TestBrowser"/>
</testsuite> <!-- parallelTest.TestBrowser -->
