<?xml version="1.0" encoding="UTF-8"?>
<!-- Generated by org.testng.reporters.JUnitReportReporter -->
<testsuite skipped="0" hostname="Harrisons-iMac.local" name="testcases.TestParallelDataProviderTreadLocal" tests="2" failures="0" timestamp="13 Aug 2020 17:58:00 GMT" time="33.598" errors="0">
  <testcase name="launchBrowser" time="17.976" classname="testcases.TestParallelDataProviderTreadLocal"/>
  <testcase name="launchBrowser" time="15.622" classname="testcases.TestParallelDataProviderTreadLocal"/>
</testsuite> <!-- testcases.TestParallelDataProviderTreadLocal -->
