<?xml version="1.0" encoding="UTF-8"?>
<!-- Generated by org.testng.reporters.JUnitReportReporter -->
<testsuite skipped="0" hostname="Harrisons-iMac.local" name="testSample" tests="3" failures="0" timestamp="2020-07-30T17:28:34 PDT" time="123.177" errors="0">
  <testcase name="testLogin" time="38.767" classname="testSample"/>
  <system-out/>
  <testcase name="testLogin" time="41.947" classname="testSample"/>
  <system-out/>
  <testcase name="testLogin" time="42.463" classname="testSample"/>
  <system-out/>
</testsuite> <!-- testSample -->
