<?xml version="1.0" encoding="UTF-8"?>
<!-- Generated by org.testng.reporters.JUnitReportReporter -->
<testsuite skipped="0" hostname="DESKTOP-FNF69NB" name="com.w2a.testcases.BankManagerLoginTest" tests="1" failures="0" timestamp="31 Jan 2018 14:27:06 GMT" time="3.546" errors="0">
  <testcase name="bankManagerLoginTest" time="3.546" classname="com.w2a.testcases.BankManagerLoginTest"/>
</testsuite> <!-- com.w2a.testcases.BankManagerLoginTest -->
