<?xml version="1.0" encoding="UTF-8"?>
<!-- Generated by org.testng.reporters.JUnitReportReporter -->
<testsuite skipped="3" hostname="Harrisons-iMac.local" name="TestLogin" tests="5" failures="0" timestamp="2020-07-19T21:12:17 PDT" time="0.036" errors="0">
  <testcase name="login" time="0.015" classname="TestLogin"/>
  <system-out/>
  <testcase name="userRegis" time="0.007" classname="TestLogin">
    <skipped/>
  </testcase> <!-- userRegis -->
  <system-out/>
  <testcase name="userRegis" time="0.002" classname="TestLogin"/>
  <system-out/>
  <testcase name="userRegis" time="0.007" classname="TestLogin">
    <skipped/>
  </testcase> <!-- userRegis -->
  <system-out/>
  <testcase name="userRegis" time="0.005" classname="TestLogin">
    <skipped/>
  </testcase> <!-- userRegis -->
  <system-out/>
</testsuite> <!-- TestLogin -->
