<?xml version="1.0" encoding="UTF-8"?>
<!-- Generated by org.testng.reporters.JUnitReportReporter -->
<testsuite skipped="0" hostname="Harrisons-iMac.local" name="com.w2a.testcases.LoginTest" tests="1" failures="0" timestamp="24 Aug 2020 04:46:36 GMT" time="1.585" errors="0">
  <testcase name="loginAsBankManager" time="1.585" classname="com.w2a.testcases.LoginTest"/>
</testsuite> <!-- com.w2a.testcases.LoginTest -->
