<?xml version="1.0" encoding="UTF-8"?>
<!-- Generated by org.testng.reporters.JUnitReportReporter -->
<testsuite skipped="1" hostname="Harrisons-iMac.local" name="com.w2a.testcases.AddCustomerTest" tests="1" failures="0" timestamp="02 Sep 2020 03:06:30 GMT" time="0.000" errors="0">
  <testcase name="addCustomer" time="0.000" classname="com.w2a.testcases.AddCustomerTest">
    <skipped/>
  </testcase> <!-- addCustomer -->
</testsuite> <!-- com.w2a.testcases.AddCustomerTest -->
