<?xml version="1.0" encoding="UTF-8"?>
<!-- Generated by org.testng.reporters.JUnitReportReporter -->
<testsuite skipped="0" hostname="Harrisons-iMac.local" name="com.w2a.testcases.OpenAccountTest" tests="1" failures="0" timestamp="02 Sep 2020 02:57:06 GMT" time="5.438" errors="0">
  <testcase name="openAccountTest" time="5.438" classname="com.w2a.testcases.OpenAccountTest"/>
</testsuite> <!-- com.w2a.testcases.OpenAccountTest -->
