<?xml version="1.0" encoding="UTF-8"?>
<!-- Generated by org.testng.reporters.JUnitReportReporter -->
<testsuite skipped="0" hostname="Harrisons-iMac.local" name="com.w2a.testcases.LoginTest" tests="1" failures="0" timestamp="16 Oct 2020 02:47:46 GMT" time="4.353" errors="0">
  <testcase name="loginTest" time="4.353" classname="com.w2a.testcases.LoginTest"/>
</testsuite> <!-- com.w2a.testcases.LoginTest -->
