<?xml version="1.0" encoding="UTF-8"?>
<!-- Generated by org.testng.reporters.JUnitReportReporter -->
<testsuite skipped="0" hostname="Harrisons-iMac.local" name="com.w2a.testcases.LoginTest" tests="1" failures="0" timestamp="23 Oct 2020 05:50:21 GMT" time="2.922" errors="0">
  <testcase name="loginTest" time="2.922" classname="com.w2a.testcases.LoginTest"/>
</testsuite> <!-- com.w2a.testcases.LoginTest -->
