<?xml version="1.0" encoding="UTF-8"?>
<!-- Generated by org.testng.reporters.JUnitReportReporter -->
<testsuite skipped="1" hostname="DESKTOP-3SL4LUB" name="testcases.TestSkip" tests="1" failures="0" timestamp="22 Feb 2019 09:54:51 GMT" time="0.009" errors="0">
  <testcase name="isSkip" time="0.009" classname="testcases.TestSkip">
    <skipped/>
  </testcase> <!-- isSkip -->
</testsuite> <!-- testcases.TestSkip -->
