<?xml version="1.0" encoding="UTF-8"?>
<!-- Generated by org.testng.reporters.JUnitReportReporter -->
<testsuite skipped="0" hostname="Harrisons-iMac.local" name="webdriverMaven.LoginTest" tests="1" failures="0" timestamp="15 Aug 2020 06:45:41 GMT" time="2.825" errors="0">
  <testcase name="doLogin" time="2.825" classname="webdriverMaven.LoginTest"/>
</testsuite> <!-- webdriverMaven.LoginTest -->
