<?xml version="1.0" encoding="UTF-8"?>
<!-- Generated by org.testng.reporters.JUnitReportReporter -->
<testsuite skipped="0" hostname="DESKTOP-FNF69NB" name="com.w2a.testcases.LoginTest" tests="1" failures="0" timestamp="07 Nov 2017 19:49:44 GMT" time="5.628" errors="0">
  <testcase name="loginTest" time="5.628" classname="com.w2a.testcases.LoginTest"/>
</testsuite> <!-- com.w2a.testcases.LoginTest -->
