<?xml version="1.0" encoding="UTF-8"?>
<!-- Generated by org.testng.reporters.JUnitReportReporter -->
<testsuite skipped="0" hostname="DESKTOP-3SL4LUB" name="parameterization.TestParametersFromXML" tests="2" failures="0" timestamp="22 Feb 2019 11:04:10 GMT" time="0.018" errors="0">
  <testcase name="getBrowser" time="0.016" classname="parameterization.TestParametersFromXML"/>
  <testcase name="getBrowser" time="0.002" classname="parameterization.TestParametersFromXML"/>
</testsuite> <!-- parameterization.TestParametersFromXML -->
