<?xml version="1.0" encoding="UTF-8"?>
<!-- Generated by org.testng.reporters.JUnitReportReporter -->
<testsuite skipped="0" hostname="DESKTOP-3SL4LUB" name="regression.TestCase1" tests="2" failures="0" timestamp="22 Feb 2019 09:03:27 GMT" time="0.002" errors="0">
  <testcase name="doUserReg" time="0.001" classname="regression.TestCase1"/>
  <testcase name="doLogin" time="0.001" classname="regression.TestCase1"/>
</testsuite> <!-- regression.TestCase1 -->
