<?xml version="1.0" encoding="UTF-8"?>
<!-- Generated by org.testng.reporters.JUnitReportReporter -->
<testsuite skipped="0" hostname="DESKTOP-FNF69NB" name="com.w2a.testcases.LoginTest" tests="1" failures="0" timestamp="10 Apr 2017 08:20:43 GMT" time="0.263" errors="0">
  <testcase name="loginAsBankManager" time="0.263" classname="com.w2a.testcases.LoginTest"/>
</testsuite> <!-- com.w2a.testcases.LoginTest -->
