<?xml version="1.0" encoding="UTF-8"?>
<!-- Generated by org.testng.reporters.JUnitReportReporter -->
<testsuite skipped="0" hostname="Harrisons-iMac.local" name="testcases.TestLoginTest" tests="4" failures="0" timestamp="2020-07-07T18:54:46 PDT" time="0.033" errors="0">
  <testcase name="testLogin" time="0.011" classname="testcases.TestLoginTest"/>
  <system-out/>
  <testcase name="testUserRegis" time="0.004" classname="testcases.TestLoginTest"/>
  <system-out/>
  <testcase name="testLogin" time="0.015" classname="testcases.TestLoginTest"/>
  <system-out/>
  <testcase name="testUserRegis" time="0.003" classname="testcases.TestLoginTest"/>
  <system-out/>
</testsuite> <!-- testcases.TestLoginTest -->
