<?xml version="1.0" encoding="UTF-8"?>
<!-- Generated by org.testng.reporters.JUnitReportReporter -->
<testsuite skipped="0" hostname="Harrisons-iMac.local" name="parallelTest.BaseTest" tests="5" failures="0" timestamp="2020-07-07T20:57:42 PDT" time="0.024" errors="0">
  <testcase name="executeTest" time="0.002" classname="parallelTest.BaseTest"/>
  <system-out/>
  <testcase name="executeTest" time="0.002" classname="parallelTest.BaseTest"/>
  <system-out/>
  <testcase name="executeTest" time="0.012" classname="parallelTest.BaseTest"/>
  <system-out/>
  <testcase name="executeTest" time="0.005" classname="parallelTest.BaseTest"/>
  <system-out/>
  <testcase name="executeTest" time="0.003" classname="parallelTest.BaseTest"/>
  <system-out/>
</testsuite> <!-- parallelTest.BaseTest -->
