<?xml version="1.0" encoding="UTF-8"?>
<!-- Generated by org.testng.reporters.JUnitReportReporter -->
<testsuite skipped="0" hostname="Harrisons-iMac.local" name="parallelTest.TestBrowser" tests="2" failures="0" timestamp="2020-07-07T20:34:42 PDT" time="4.100" errors="0">
  <testcase name="testLogin" time="2.049" classname="parallelTest.TestBrowser"/>
  <system-out/>
  <testcase name="testLogin" time="2.051" classname="parallelTest.TestBrowser"/>
  <system-out/>
</testsuite> <!-- parallelTest.TestBrowser -->
