<?xml version="1.0" encoding="UTF-8"?>
<!-- Generated by org.testng.reporters.JUnitReportReporter -->
<testsuite skipped="0" hostname="Harrisons-iMac.local" name="regression.TestCase1" tests="2" failures="0" timestamp="2020-06-30T19:27:19 PDT" time="0.018" errors="0">
  <testcase name="doUserReg" time="0.015" classname="regression.TestCase1"/>
  <system-out/>
  <testcase name="doLogin" time="0.003" classname="regression.TestCase1"/>
  <system-out/>
</testsuite> <!-- regression.TestCase1 -->
