<?xml version="1.0" encoding="UTF-8"?>
<!-- Generated by org.testng.reporters.JUnitReportReporter -->
<testsuite skipped="0" hostname="Harrisons-iMac.local" name="parameterization.TestParameterization" tests="3" failures="0" timestamp="2020-07-01T22:31:14 PDT" time="0.055" errors="0">
  <testcase name="doLogin" time="0.006" classname="parameterization.TestParameterization"/>
  <system-out/>
  <testcase name="doLogin" time="0.037" classname="parameterization.TestParameterization"/>
  <system-out/>
  <testcase name="doLogin" time="0.012" classname="parameterization.TestParameterization"/>
  <system-out/>
</testsuite> <!-- parameterization.TestParameterization -->
