<?xml version="1.0" encoding="UTF-8"?>
<!-- Generated by org.testng.reporters.JUnitReportReporter -->
<testsuite skipped="0" hostname="Harrisons-iMac.local" name="parameterization.TestParameterFromXML" tests="2" failures="0" timestamp="2020-07-07T19:22:35 PDT" time="0.025" errors="0">
  <testcase name="getBrowser" time="0.005" classname="parameterization.TestParameterFromXML"/>
  <system-out/>
  <testcase name="getBrowser" time="0.020" classname="parameterization.TestParameterFromXML"/>
  <system-out/>
</testsuite> <!-- parameterization.TestParameterFromXML -->
