<?xml version="1.0" encoding="UTF-8"?>
<!-- Generated by org.testng.reporters.JUnitReportReporter -->
<testsuite skipped="0" hostname="Harrisons-iMac.local" name="parameterization.TestNGParameterizationExcel" tests="4" failures="0" timestamp="2020-07-07T18:10:41 PDT" time="0.024" errors="0">
  <testcase name="testData" time="0.009" classname="parameterization.TestNGParameterizationExcel"/>
  <system-out/>
  <testcase name="testData" time="0.002" classname="parameterization.TestNGParameterizationExcel"/>
  <system-out/>
  <testcase name="testData" time="0.010" classname="parameterization.TestNGParameterizationExcel"/>
  <system-out/>
  <testcase name="testData" time="0.003" classname="parameterization.TestNGParameterizationExcel"/>
  <system-out/>
</testsuite> <!-- parameterization.TestNGParameterizationExcel -->
