<?xml version="1.0" encoding="UTF-8"?>
<!-- Generated by org.testng.reporters.JUnitReportReporter -->
<testsuite skipped="1" hostname="Harrisons-iMac.local" name="testcases.TestSkip" tests="1" failures="0" timestamp="2020-06-30T21:52:04 PDT" time="0.019" errors="0">
  <testcase name="isSkip" time="0.019" classname="testcases.TestSkip">
    <skipped/>
  </testcase> <!-- isSkip -->
  <system-out/>
</testsuite> <!-- testcases.TestSkip -->
