<?xml version="1.0" encoding="UTF-8"?>
<!-- Generated by org.testng.reporters.JUnitReportReporter -->
<testsuite skipped="0" hostname="Harrisons-iMac.local" name="parallelTest.TestParallelDP" tests="2" failures="0" timestamp="2020-07-07T20:47:48 PDT" time="4.060" errors="0">
  <testcase name="testLogin" time="2.028" classname="parallelTest.TestParallelDP"/>
  <system-out/>
  <testcase name="testLogin" time="2.032" classname="parallelTest.TestParallelDP"/>
  <system-out/>
</testsuite> <!-- parallelTest.TestParallelDP -->
