<?xml version="1.0" encoding="UTF-8"?>
<!-- Generated by org.testng.reporters.JUnitReportReporter -->
<testsuite skipped="0" hostname="Harrisons-iMac.local" name="parallelTest.TestInvocation" tests="3" failures="0" timestamp="2020-07-09T18:39:01 PDT" time="36.460" errors="0">
  <testcase name="executeTest" time="12.133" classname="parallelTest.TestInvocation"/>
  <system-out/>
  <testcase name="executeTest" time="12.159" classname="parallelTest.TestInvocation"/>
  <system-out/>
  <testcase name="executeTest" time="12.168" classname="parallelTest.TestInvocation"/>
  <system-out/>
</testsuite> <!-- parallelTest.TestInvocation -->
