<?xml version="1.0" encoding="UTF-8"?>
<!-- Generated by org.testng.reporters.JUnitReportReporter -->
<testsuite skipped="0" hostname="Harrisons-iMac.local" name="testcases.TestCase1" tests="2" failures="0" timestamp="2020-07-01T20:32:24 PDT" time="0.031" errors="0">
  <testcase name="doUserReg" time="0.010" classname="testcases.TestCase1"/>
  <system-out/>
  <testcase name="doLogin" time="0.021" classname="testcases.TestCase1"/>
  <system-out/>
</testsuite> <!-- testcases.TestCase1 -->
