<?xml version="1.0" encoding="UTF-8"?>
<!-- Generated by org.testng.reporters.JUnitReportReporter -->
<testsuite skipped="0" hostname="DESKTOP-3SL4LUB" name="testcases.TestCase1" tests="2" failures="0" timestamp="22 Feb 2019 10:41:48 GMT" time="0.011" errors="0">
  <testcase name="doUserReg" time="0.008" classname="testcases.TestCase1"/>
  <testcase name="doLogin" time="0.003" classname="testcases.TestCase1"/>
</testsuite> <!-- testcases.TestCase1 -->
